2025-09-28 14:01:48,098 - INFO - История заказа сохранена в файл: C:\Users\sklad\Desktop\История заказов КМ\Заказ_2025-09-28_14-01-48.txt
2025-09-28 14:01:48,104 - INFO - Получаем cookies...
2025-09-28 14:01:48,106 - INFO - Создание документа: тест 1
2025-09-28 14:01:48,734 - INFO - Документ создан: 8e06d93c-5dad-4c25-9f77-1450855ff936
2025-09-28 14:01:50,346 - INFO - Подписываем order id=be100993-53cf-40e7-a8c1-6a9e5f426d18 (base64Content length=460)
2025-09-28 14:01:50,441 - INFO - Обновление токена OMS...
2025-09-28 14:01:51,073 - INFO - Токен OMS обновлён успешно. Ответ: 
2025-09-28 14:01:51,306 - INFO - Отправка прошла успешно (detached signature)
2025-09-28 14:01:51,449 - INFO - Финальный статус документа: sendForRelease
2025-09-28 14:02:38,013 - INFO - Cookies устарели (903 сек). Нужно обновить.
2025-09-28 14:02:54,295 - INFO - Clicked cookie accept
2025-09-28 14:02:55,416 - INFO - Clicked profile (best-effort)
2025-09-28 14:02:56,657 - INFO - Clicked warehouse (fallback selector)
2025-09-28 14:02:57,665 - INFO - Cookies сохранены в kontur_cookies.json
2025-09-28 14:04:31,770 - INFO - Начало скачивания PDF/CSV/XLS для заказа 8e06d93c-5dad-4c25-9f77-1450855ff936 ('тест 1')
2025-09-28 14:04:32,184 - INFO - Статус заказа 8e06d93c-5dad-4c25-9f77-1450855ff936: released
2025-09-28 14:04:32,532 - INFO - PDF export started for 8e06d93c-5dad-4c25-9f77-1450855ff936, resultId: 6f47aaa5-8407-4dab-8cb4-aafe5e1c82af
2025-09-28 14:04:53,963 - INFO - PDF сохранён: C:\Users\sklad\Desktop\pdf-коды км\тест 1\тест 1.pdf
2025-09-28 14:04:54,142 - INFO - CSV export started for 8e06d93c-5dad-4c25-9f77-1450855ff936, resultId: c4baab90-1b59-40ff-bcc4-87209af3dd1c
2025-09-28 14:04:54,224 - INFO - CSV export status for 8e06d93c-5dad-4c25-9f77-1450855ff936: inProgress
2025-09-28 14:05:04,333 - INFO - CSV export status for 8e06d93c-5dad-4c25-9f77-1450855ff936: success
2025-09-28 14:05:04,445 - INFO - CSV сохранён: C:\Users\sklad\Desktop\pdf-коды км\тест 1\тест 1_csv.csv
2025-09-28 14:05:04,648 - INFO - XLS export started for 8e06d93c-5dad-4c25-9f77-1450855ff936, resultId: 24d4e457-a7d4-4792-bbe3-c141f322301c
2025-09-28 14:05:04,744 - INFO - XLS export status for 8e06d93c-5dad-4c25-9f77-1450855ff936: inProgress
2025-09-28 14:05:14,846 - INFO - XLS export status for 8e06d93c-5dad-4c25-9f77-1450855ff936: success
2025-09-28 14:05:14,919 - INFO - XLS сохранён: C:\Users\sklad\Desktop\pdf-коды км\тест 1\тест 1.xls
2025-09-28 14:09:55,112 - INFO - Создаём ввод в оборот из заказа 8e06d93c-5dad-4c25-9f77-1450855ff936 ...
2025-09-28 14:10:06,174 - ERROR - Unhandled exception in perform_introduction_from_order: HTTPSConnectionPool(host='mk.kontur.ru', port=443): Max retries exceeded with url: /api/v1/codes-introduction/create-from-codes-order/8e06d93c-5dad-4c25-9f77-1450855ff936?isImportFts=false&isAccompanyingDocumentNeeds=false (Caused by NameResolutionError("<urllib3.connection.HTTPSConnection object at 0x0000022942C18410>: Failed to resolve 'mk.kontur.ru' ([Errno 11001] getaddrinfo failed)"))
Traceback (most recent call last):
  File "C:\Users\sklad\AppData\Local\Programs\Python\Python313\Lib\site-packages\urllib3\connection.py", line 198, in _new_conn
    sock = connection.create_connection(
        (self._dns_host, self.port),
    ...<2 lines>...
        socket_options=self.socket_options,
    )
  File "C:\Users\sklad\AppData\Local\Programs\Python\Python313\Lib\site-packages\urllib3\util\connection.py", line 60, in create_connection
    for res in socket.getaddrinfo(host, port, family, socket.SOCK_STREAM):
               ~~~~~~~~~~~~~~~~~~^^^^^^^^^^^^^^^^^^^^^^^^^^^^^^^^^^^^^^^^
  File "C:\Users\sklad\AppData\Local\Programs\Python\Python313\Lib\socket.py", line 977, in getaddrinfo
    for res in _socket.getaddrinfo(host, port, family, type, proto, flags):
               ~~~~~~~~~~~~~~~~~~~^^^^^^^^^^^^^^^^^^^^^^^^^^^^^^^^^^^^^^^^
socket.gaierror: [Errno 11001] getaddrinfo failed

The above exception was the direct cause of the following exception:

Traceback (most recent call last):
  File "C:\Users\sklad\AppData\Local\Programs\Python\Python313\Lib\site-packages\urllib3\connectionpool.py", line 787, in urlopen
    response = self._make_request(
        conn,
    ...<10 lines>...
        **response_kw,
    )
  File "C:\Users\sklad\AppData\Local\Programs\Python\Python313\Lib\site-packages\urllib3\connectionpool.py", line 488, in _make_request
    raise new_e
  File "C:\Users\sklad\AppData\Local\Programs\Python\Python313\Lib\site-packages\urllib3\connectionpool.py", line 464, in _make_request
    self._validate_conn(conn)
    ~~~~~~~~~~~~~~~~~~~^^^^^^
  File "C:\Users\sklad\AppData\Local\Programs\Python\Python313\Lib\site-packages\urllib3\connectionpool.py", line 1093, in _validate_conn
    conn.connect()
    ~~~~~~~~~~~~^^
  File "C:\Users\sklad\AppData\Local\Programs\Python\Python313\Lib\site-packages\urllib3\connection.py", line 753, in connect
    self.sock = sock = self._new_conn()
                       ~~~~~~~~~~~~~~^^
  File "C:\Users\sklad\AppData\Local\Programs\Python\Python313\Lib\site-packages\urllib3\connection.py", line 205, in _new_conn
    raise NameResolutionError(self.host, self, e) from e
urllib3.exceptions.NameResolutionError: <urllib3.connection.HTTPSConnection object at 0x0000022942C18410>: Failed to resolve 'mk.kontur.ru' ([Errno 11001] getaddrinfo failed)

The above exception was the direct cause of the following exception:

Traceback (most recent call last):
  File "C:\Users\sklad\AppData\Local\Programs\Python\Python313\Lib\site-packages\requests\adapters.py", line 644, in send
    resp = conn.urlopen(
        method=request.method,
    ...<9 lines>...
        chunked=chunked,
    )
  File "C:\Users\sklad\AppData\Local\Programs\Python\Python313\Lib\site-packages\urllib3\connectionpool.py", line 841, in urlopen
    retries = retries.increment(
        method, url, error=new_e, _pool=self, _stacktrace=sys.exc_info()[2]
    )
  File "C:\Users\sklad\AppData\Local\Programs\Python\Python313\Lib\site-packages\urllib3\util\retry.py", line 519, in increment
    raise MaxRetryError(_pool, url, reason) from reason  # type: ignore[arg-type]
    ^^^^^^^^^^^^^^^^^^^^^^^^^^^^^^^^^^^^^^^^^^^^^^^^^^^
urllib3.exceptions.MaxRetryError: HTTPSConnectionPool(host='mk.kontur.ru', port=443): Max retries exceeded with url: /api/v1/codes-introduction/create-from-codes-order/8e06d93c-5dad-4c25-9f77-1450855ff936?isImportFts=false&isAccompanyingDocumentNeeds=false (Caused by NameResolutionError("<urllib3.connection.HTTPSConnection object at 0x0000022942C18410>: Failed to resolve 'mk.kontur.ru' ([Errno 11001] getaddrinfo failed)"))

During handling of the above exception, another exception occurred:

Traceback (most recent call last):
  File "C:\Users\sklad\Desktop\crypto\api.py", line 591, in perform_introduction_from_order
    r = session.post(url_create, timeout=30)
  File "C:\Users\sklad\AppData\Local\Programs\Python\Python313\Lib\site-packages\requests\sessions.py", line 637, in post
    return self.request("POST", url, data=data, json=json, **kwargs)
           ~~~~~~~~~~~~^^^^^^^^^^^^^^^^^^^^^^^^^^^^^^^^^^^^^^^^^^^^^
  File "C:\Users\sklad\AppData\Local\Programs\Python\Python313\Lib\site-packages\requests\sessions.py", line 589, in request
    resp = self.send(prep, **send_kwargs)
  File "C:\Users\sklad\AppData\Local\Programs\Python\Python313\Lib\site-packages\requests\sessions.py", line 703, in send
    r = adapter.send(request, **kwargs)
  File "C:\Users\sklad\AppData\Local\Programs\Python\Python313\Lib\site-packages\requests\adapters.py", line 677, in send
    raise ConnectionError(e, request=request)
requests.exceptions.ConnectionError: HTTPSConnectionPool(host='mk.kontur.ru', port=443): Max retries exceeded with url: /api/v1/codes-introduction/create-from-codes-order/8e06d93c-5dad-4c25-9f77-1450855ff936?isImportFts=false&isAccompanyingDocumentNeeds=false (Caused by NameResolutionError("<urllib3.connection.HTTPSConnection object at 0x0000022942C18410>: Failed to resolve 'mk.kontur.ru' ([Errno 11001] getaddrinfo failed)"))
2025-09-28 14:18:01,768 - INFO - Cookies устарели (904 сек). Нужно обновить.
2025-09-28 14:18:26,414 - INFO - Clicked cookie accept
2025-09-28 14:18:27,505 - INFO - Clicked profile (best-effort)
2025-09-28 14:18:28,722 - INFO - Clicked warehouse (fallback selector)
2025-09-28 14:18:29,733 - INFO - Cookies сохранены в kontur_cookies.json
2025-09-28 14:33:32,207 - INFO - Cookies устарели (902 сек). Нужно обновить.
2025-09-28 14:34:07,591 - INFO - Clicked cookie accept
2025-09-28 14:34:08,678 - INFO - Clicked profile (best-effort)
2025-09-28 14:34:09,865 - INFO - Clicked warehouse (fallback selector)
2025-09-28 14:34:10,873 - INFO - Cookies сохранены в kontur_cookies.json
2025-09-28 14:51:35,452 - INFO - История заказа сохранена в файл: C:\Users\sklad\Desktop\История заказов КМ\Заказ_2025-09-28_14-51-35.txt
2025-09-28 14:51:35,455 - INFO - Получаем cookies...
2025-09-28 14:51:35,455 - INFO - Cookies устарели (1045 сек). Нужно обновить.
2025-09-28 14:51:42,315 - INFO - Clicked cookie accept
2025-09-28 14:51:43,396 - INFO - Clicked profile (best-effort)
2025-09-28 14:51:46,143 - INFO - Clicked warehouse (fallback selector)
2025-09-28 14:51:47,155 - INFO - Cookies сохранены в kontur_cookies.json
2025-09-28 14:51:49,587 - INFO - Создание документа: тест 1
2025-09-28 14:51:50,442 - INFO - Документ создан: 0487266e-369a-43c5-a01a-73eeeeb64f06
2025-09-28 14:51:52,424 - INFO - Подписываем order id=bf383123-60b0-4fbb-8c2a-02043bc77719 (base64Content length=460)
2025-09-28 14:51:52,511 - INFO - Обновление токена OMS...
2025-09-28 14:51:53,877 - INFO - Токен OMS обновлён успешно. Ответ: 
2025-09-28 14:51:54,292 - INFO - Отправка прошла успешно (detached signature)
2025-09-28 14:51:54,523 - INFO - Финальный статус документа: sendForRelease
2025-09-28 15:02:29,364 - INFO - История заказа сохранена в файл: C:\Users\sklad\Desktop\История заказов КМ\Заказ_2025-09-28_15-02-29.txt
2025-09-28 15:02:29,368 - INFO - Получаем cookies...
2025-09-28 15:02:29,369 - INFO - Создание документа: тест 1
2025-09-28 15:02:30,197 - INFO - Документ создан: 211e0188-3b3f-4964-a0ae-2e780979d5db
2025-09-28 15:02:32,086 - INFO - Подписываем order id=0aa2f89e-34fd-41b4-86ce-6f479266eed6 (base64Content length=460)
2025-09-28 15:02:32,174 - INFO - Обновление токена OMS...
2025-09-28 15:02:33,083 - INFO - Токен OMS обновлён успешно. Ответ: 
2025-09-28 15:02:33,389 - INFO - Отправка прошла успешно (detached signature)
2025-09-28 15:02:33,605 - INFO - Финальный статус документа: sendForRelease
2025-09-28 15:05:22,166 - INFO - Начало скачивания PDF/CSV/XLS для заказа 211e0188-3b3f-4964-a0ae-2e780979d5db ('тест 1')
2025-09-28 15:05:22,686 - INFO - Статус заказа 211e0188-3b3f-4964-a0ae-2e780979d5db: released
2025-09-28 15:05:23,040 - INFO - PDF export started for 211e0188-3b3f-4964-a0ae-2e780979d5db, resultId: a999234d-8b17-468e-8992-689f47d4c1aa
2025-09-28 15:05:44,861 - INFO - PDF сохранён: C:\Users\sklad\Desktop\pdf-коды км\тест 1\тест 1.pdf
2025-09-28 15:05:45,397 - INFO - CSV export started for 211e0188-3b3f-4964-a0ae-2e780979d5db, resultId: c1da61bf-86aa-47f4-8e56-7d82cf7dc87b
2025-09-28 15:05:45,846 - INFO - CSV export status for 211e0188-3b3f-4964-a0ae-2e780979d5db: inProgress
2025-09-28 15:05:56,005 - INFO - CSV export status for 211e0188-3b3f-4964-a0ae-2e780979d5db: success
2025-09-28 15:05:56,112 - INFO - CSV сохранён: C:\Users\sklad\Desktop\pdf-коды км\тест 1\тест 1_csv.csv
2025-09-28 15:05:56,328 - INFO - XLS export started for 211e0188-3b3f-4964-a0ae-2e780979d5db, resultId: 681c638c-9d59-4180-82ed-f4217c5a3e06
2025-09-28 15:05:56,463 - INFO - XLS export status for 211e0188-3b3f-4964-a0ae-2e780979d5db: inProgress
2025-09-28 15:06:06,635 - INFO - XLS export status for 211e0188-3b3f-4964-a0ae-2e780979d5db: success
2025-09-28 15:06:06,807 - INFO - XLS сохранён: C:\Users\sklad\Desktop\pdf-коды км\тест 1\тест 1.xls
2025-09-28 15:06:42,926 - INFO - DNS успешно разрешён: [(<AddressFamily.AF_INET: 2>, 0, 0, '', ('46.17.200.242', 443))]
2025-09-28 15:06:44,043 - INFO - Ответ сервера: "becf3c51-10c2-4d56-b831-978775f647d9"
2025-09-28 15:06:44,043 - INFO - Создана заявка ввода в оборот: becf3c51-10c2-4d56-b831-978775f647d9
2025-09-28 15:06:52,170 - INFO - Cookies устарели (905 сек). Нужно обновить.
2025-09-28 15:06:55,760 - INFO - Clicked cookie accept
2025-09-28 15:06:56,838 - INFO - Clicked profile (best-effort)
2025-09-28 15:06:58,591 - INFO - Clicked warehouse (fallback selector)
2025-09-28 15:06:59,599 - INFO - Cookies сохранены в kontur_cookies.json
2025-09-28 15:10:15,216 - INFO - История заказа сохранена в файл: C:\Users\sklad\Desktop\История заказов КМ\Заказ_2025-09-28_15-10-15.txt
2025-09-28 15:10:15,218 - INFO - Получаем cookies...
2025-09-28 15:10:15,219 - INFO - Создание документа: тест 1
2025-09-28 15:10:15,900 - INFO - Документ создан: fc8a901d-6739-463b-8f94-d03d334df28e
2025-09-28 15:10:17,541 - INFO - Подписываем order id=36888667-8360-4c4b-8eed-8478f7cd84cf (base64Content length=460)
2025-09-28 15:10:17,658 - INFO - Обновление токена OMS...
2025-09-28 15:10:18,704 - INFO - Токен OMS обновлён успешно. Ответ: 
2025-09-28 15:10:18,983 - INFO - Отправка прошла успешно (detached signature)
2025-09-28 15:10:19,149 - INFO - Финальный статус документа: sendForRelease
2025-09-28 15:13:36,464 - INFO - Начало скачивания PDF/CSV/XLS для заказа fc8a901d-6739-463b-8f94-d03d334df28e ('тест 1')
2025-09-28 15:13:36,985 - INFO - Статус заказа fc8a901d-6739-463b-8f94-d03d334df28e: released
2025-09-28 15:13:37,437 - INFO - PDF export started for fc8a901d-6739-463b-8f94-d03d334df28e, resultId: 78a91bf1-fa20-48aa-8dc5-62f8789297f0
2025-09-28 15:13:58,666 - INFO - PDF сохранён: C:\Users\sklad\Desktop\pdf-коды км\тест 1\тест 1.pdf
2025-09-28 15:13:58,913 - INFO - CSV export started for fc8a901d-6739-463b-8f94-d03d334df28e, resultId: 6787a858-f5d5-47b8-a01d-9205cfeda1f6
2025-09-28 15:13:59,053 - INFO - CSV export status for fc8a901d-6739-463b-8f94-d03d334df28e: inProgress
2025-09-28 15:14:09,285 - INFO - CSV export status for fc8a901d-6739-463b-8f94-d03d334df28e: success
2025-09-28 15:14:09,451 - INFO - CSV сохранён: C:\Users\sklad\Desktop\pdf-коды км\тест 1\тест 1_csv.csv
2025-09-28 15:14:09,742 - INFO - XLS export started for fc8a901d-6739-463b-8f94-d03d334df28e, resultId: 20cafd34-9a76-46b2-9b04-da5dcad162e0
2025-09-28 15:14:09,893 - INFO - XLS export status for fc8a901d-6739-463b-8f94-d03d334df28e: inProgress
2025-09-28 15:14:20,067 - INFO - XLS export status for fc8a901d-6739-463b-8f94-d03d334df28e: success
2025-09-28 15:14:20,213 - INFO - XLS сохранён: C:\Users\sklad\Desktop\pdf-коды км\тест 1\тест 1.xls
2025-09-28 15:14:42,650 - INFO - DNS успешно разрешён: [(<AddressFamily.AF_INET: 2>, 0, 0, '', ('46.17.200.242', 443))]
2025-09-28 15:14:43,885 - INFO - Ответ сервера: "a1963fa5-43c6-4b5d-9062-9bd443665dbd"
2025-09-28 15:14:43,885 - INFO - Создана заявка ввода в оборот: a1963fa5-43c6-4b5d-9062-9bd443665dbd
2025-09-28 15:14:44,155 - INFO - codes-checking status for a1963fa5-43c6-4b5d-9062-9bd443665dbd: inProgress
2025-09-28 15:14:44,500 - INFO - PATCH production https://mk.kontur.ru/api/v1/codes-introduction/a1963fa5-43c6-4b5d-9062-9bd443665dbd/production
2025-09-28 15:14:44,847 - INFO - POST positions/autocomplete ...
2025-09-28 15:14:45,402 - INFO - Ответ сервера при вводе в оборот: {'type': 'unknownError', 'message': 'Error code: [bad-request]. TraceId: [65477cde3cd17c1e7dc5a30de80b6040]. Message: Bad request. Значение поля TnvedCode должно быть заполнено если Children пуст . '}
2025-09-28 15:14:45,403 - ERROR - Ошибка generate-multiple: 500 Server Error: Internal Server Error for url: https://mk.kontur.ru/api/v1/codes-introduction/a1963fa5-43c6-4b5d-9062-9bd443665dbd/generate-multiple
Traceback (most recent call last):
  File "C:\Users\sklad\Desktop\crypto\api.py", line 704, in perform_introduction_from_order
    r_gen.raise_for_status()
    ~~~~~~~~~~~~~~~~~~~~~~^^
  File "C:\Users\sklad\AppData\Local\Programs\Python\Python313\Lib\site-packages\requests\models.py", line 1026, in raise_for_status
    raise HTTPError(http_error_msg, response=self)
requests.exceptions.HTTPError: 500 Server Error: Internal Server Error for url: https://mk.kontur.ru/api/v1/codes-introduction/a1963fa5-43c6-4b5d-9062-9bd443665dbd/generate-multiple
2025-09-28 15:22:06,482 - INFO - Cookies устарели (907 сек). Нужно обновить.
2025-09-28 15:22:09,989 - INFO - Clicked cookie accept
2025-09-28 15:22:11,067 - INFO - Clicked profile (best-effort)
2025-09-28 15:22:12,775 - INFO - Clicked warehouse (fallback selector)
2025-09-28 15:22:13,784 - INFO - Cookies сохранены в kontur_cookies.json
